<?xml version="1.0" encoding="UTF-8"?>
<!-- Generated by org.testng.reporters.JUnitXMLReporter -->
<testsuite hostname="ip-172-31-23-200" ignored="0" name="Command line test" tests="1" failures="1" timestamp="17 Oct 2020 13:34:57 GMT" time="0.267" errors="0">
  <testcase name="hello" time="0.213" classname="test.test.App">
    <failure type="java.lang.IllegalStateException" message="The driver executable does not exist: /home/ubuntu/chromedriver">
      <![CDATA[java.lang.IllegalStateException: The driver executable does not exist: /home/ubuntu/chromedriver
at com.google.common.base.Preconditions.checkState(Preconditions.java:585)
at org.openqa.selenium.remote.service.DriverService.checkExecutable(DriverService.java:146)
at org.openqa.selenium.remote.service.DriverService.findExecutable(DriverService.java:141)
at org.openqa.selenium.chrome.ChromeDriverService.access$000(ChromeDriverService.java:35)
at org.openqa.selenium.chrome.ChromeDriverService$Builder.findDefaultExecutable(ChromeDriverService.java:159)
at org.openqa.selenium.remote.service.DriverService$Builder.build(DriverService.java:355)
at org.openqa.selenium.chrome.ChromeDriverService.createDefaultService(ChromeDriverService.java:94)
at org.openqa.selenium.chrome.ChromeDriver.<init>(ChromeDriver.java:157)
at test.test.App.hello(App.java:18)
at test.test.App.main(App.java:36)
at org.eclipse.jdt.internal.jarinjarloader.JarRsrcLoader.main(JarRsrcLoader.java:61)
... Removed 26 stack frames]]>
    </failure>
  </testcase> <!-- hello -->
</testsuite> <!-- Command line test -->
